<?xml version="1.0" encoding="UTF-8"?>
<!-- Generated by org.testng.reporters.JUnitReportReporter -->
<testsuite hostname="USBLRSOMEGHANA1" failures="0" tests="6" name="com.usga.qa.tests.AndroidPlayerSearch" time="108.356" errors="0" timestamp="2023-05-25T18:39:24 IST" skipped="0">
  <testcase classname="com.usga.qa.tests.AndroidPlayerSearch" name="testGetStartedButton_Android" time="9.892"/>
  <system-out/>
  <testcase classname="com.usga.qa.tests.AndroidPlayerSearch" name="selectPermissionsButton_Android" time="6.532"/>
  <system-out/>
  <testcase classname="com.usga.qa.tests.AndroidPlayerSearch" name="selectChampionship_Android" time="18.918"/>
  <system-out/>
  <testcase classname="com.usga.qa.tests.AndroidPlayerSearch" name="enterPlayerName_Android" time="27.053"/>
  <system-out/>
  <testcase classname="com.usga.qa.tests.AndroidPlayerSearch" name="FavPlayer_and_VerifyScorecardData_Android" time="30.817"/>
  <system-out/>
  <testcase classname="com.usga.qa.tests.AndroidPlayerSearch" name="verify_favplayer_in_leaderboard_Android" time="15.144"/>
  <system-out/>
</testsuite> <!-- com.usga.qa.tests.AndroidPlayerSearch -->
